2024-05-21T11:46:42.250Z ["error"] {} (Error Path: /auth/sign-up)
2024-05-21T11:46:42.239Z ["error"] {} (Error Path: /auth/sign-up)
2024-05-16T07:48:16.988Z ["error"] {"message":"Authorization failure!"} (Error Path: /conversation/664470421f5e43d98b18c31f)
2024-05-16T07:47:01.573Z ["error"] {"message":"Authorization failure!"} (Error Path: /chat)
2024-05-16T07:46:03.567Z ["error"] {"message":"Authorization failure!"} (Error Path: /chat/66450ea78cead6d25930a98e)
2024-05-16T07:45:58.307Z ["error"] {"message":"Authorization failure!"} (Error Path: /chat/66450c741ce3ebd33363d002)
2024-05-16T07:45:52.536Z ["error"] {"message":"Authorization failure!"} (Error Path: /conversation/664470421f5e43d98b18c31f)
2024-05-16T07:45:42.799Z ["error"] {"message":"Authorization failure!"} (Error Path: /conversation/664470421f5e43d98b18c31f)
2024-05-16T07:36:32.378Z ["error"] {"stringValue":"\"{ chat: '664510403de1479f558c97b5' }\"","valueType":"Object","kind":"ObjectId","value":{"chat":"664510403de1479f558c97b5"},"path":"_id","reason":{},"name":"CastError","message":"Cast to ObjectId failed for value \"{ chat: '664510403de1479f558c97b5' }\" (type Object) at path \"_id\" for model \"Chat\""} (Error Path: /chat/664510403de1479f558c97b5)
2024-05-16T07:36:32.375Z ["error"] {"stringValue":"\"{ chat: '664510403de1479f558c97b5' }\"","valueType":"Object","kind":"ObjectId","value":{"chat":"664510403de1479f558c97b5"},"path":"_id","reason":{},"name":"CastError","message":"Cast to ObjectId failed for value \"{ chat: '664510403de1479f558c97b5' }\" (type Object) at path \"_id\" for model \"Chat\""} (Error Path: /chat/664510403de1479f558c97b5)
2024-05-16T07:11:44.957Z ["error"] {"message":"id is invalid"} (Error Path: /conversation/664470421f5e43d98b18c31)
2024-05-16T07:11:44.949Z ["error"] {"message":"id is invalid"} (Error Path: /conversation/664470421f5e43d98b18c31)
2024-05-16T07:11:06.195Z ["error"] {} (Error Path: /conversation/664470421f5e43d98b18c31)
2024-05-16T07:11:06.185Z ["error"] {} (Error Path: /conversation/664470421f5e43d98b18c31)
2024-05-16T07:09:45.891Z ["error"] {} (Error Path: /conversation/664470421f5e43d98b18c31)
2024-05-16T07:09:45.885Z ["error"] {} (Error Path: /conversation/664470421f5e43d98b18c31)
2024-05-16T06:50:55.736Z ["error"] {} (Error Path: /conversation/664470421f5e43d98b18c31f)
2024-05-16T06:50:55.721Z ["error"] {} (Error Path: /conversation/664470421f5e43d98b18c31f)
2024-05-15T20:21:38.256Z ["error"] socket error (Error Path: socket)
2024-05-15T19:35:52.814Z ["error"] socket error (Error Path: socket)
2024-05-15T19:32:43.565Z ["error"] socket error (Error Path: socket)
2024-05-15T19:29:58.427Z ["error"] socket error (Error Path: socket)
2024-05-15T19:25:40.859Z ["error"] {"message":"User not found"} (Error Path: /auth/sign-in)
2024-05-15T19:25:40.852Z ["error"] {"message":"User not found"} (Error Path: /auth/sign-in)
